  2021-12-17T10:40:03.613503Z  INFO monitor: Subsciber set
    at monitor/src/main.rs:67

  2021-12-17T10:40:03.614247Z  INFO monitor::config::common: wrote sample configuration file
    at monitor/src/config/common.rs:262
    in monitor::config::common::from_setting

  2021-12-17T10:40:03.614801Z  INFO monitor: Read configuration file
    at monitor/src/main.rs:71

  2021-12-17T10:40:03.615120Z  INFO monitor::notifications::read_google_config: wrote sample configuration file
    at monitor/src/notifications/read_google_config.rs:93
    in monitor::notifications::read_google_config::read_from_file with , [1murl[0m: "https://chat.googleapis.com/v1/spaces/AAAAFy1gKzE/messages?key=AIzaSyDdI0hCZtE6vySjMm-WEfRq3CPzqKqqsHI&token=rFHijC_zdQtRNYWsG65G0QvismhSAIL4Z-peRitbR_M%3D"
    in monitor::monitors::monitor

  2021-12-17T10:40:03.615659Z  INFO monitor::monitors: In Monitor method
    at monitor/src/monitors/mod.rs:55
    in monitor::monitors::monitor

  2021-12-17T10:40:03.615984Z  INFO monitor::monitors: Started CPU Monitor
    at monitor/src/monitors/mod.rs:78

  2021-12-17T10:40:03.616297Z  INFO monitor::monitors: CPU monitor loop
    at monitor/src/monitors/mod.rs:151
    in monitor::monitors::cpu_monitor

  2021-12-17T10:40:03.616505Z  INFO monitor::monitors: Disk monitor loop
    at monitor/src/monitors/mod.rs:210
    in monitor::monitors::disk_monitor

  2021-12-17T10:40:03.616608Z  INFO monitor::monitors: inactive day is 2021-11-20 00:00:00 +05:30
    at monitor/src/monitors/mod.rs:473
    in monitor::monitors::thread_sleep
    in monitor::monitors::cpu_monitor

  2021-12-17T10:40:03.616816Z  INFO monitor::monitors: inactive day is 2021-11-20 00:00:00 +05:30
    at monitor/src/monitors/mod.rs:473
    in monitor::monitors::thread_sleep
    in monitor::monitors::disk_monitor

  2021-12-17T10:40:03.616844Z  INFO monitor::monitors: inactivee time is from 2021-11-20 09:10:11 +05:30 to 2021-08-10 10:10:11 +05:30
    at monitor/src/monitors/mod.rs:494
    in monitor::monitors::thread_sleep
    in monitor::monitors::cpu_monitor

  2021-12-17T10:40:03.617042Z  INFO monitor::monitors: inactivee time is from 2021-11-20 09:10:11 +05:30 to 2021-08-10 10:10:11 +05:30
    at monitor/src/monitors/mod.rs:494
    in monitor::monitors::thread_sleep
    in monitor::monitors::disk_monitor

  2021-12-17T10:40:03.621587Z  INFO monitor::monitors: Memory monitor loop
    at monitor/src/monitors/mod.rs:282
    in monitor::monitors::memory_monitor

  2021-12-17T10:40:03.621960Z  INFO monitor::monitors: Service monitor loop
    at monitor/src/monitors/mod.rs:399
    in monitor::monitors::service_monitor

  2021-12-17T10:40:03.622012Z  INFO monitor::monitors: Ping monitor loop
    at monitor/src/monitors/mod.rs:340
    in monitor::monitors::ping_monitor with , [1murl[0m: "google.com"

  2021-12-17T10:40:03.622042Z  INFO monitor::monitors: inactive day is 2021-11-20 00:00:00 +05:30
    at monitor/src/monitors/mod.rs:473
    in monitor::monitors::thread_sleep
    in monitor::monitors::memory_monitor

  2021-12-17T10:40:03.622121Z  INFO monitor: Started monitoring threads
    at monitor/src/main.rs:80

  2021-12-17T10:40:03.629813Z  INFO monitor::monitors: inactive day is 2021-11-20 00:00:00 +05:30
    at monitor/src/monitors/mod.rs:473
    in monitor::monitors::thread_sleep
    in monitor::monitors::service_monitor

  2021-12-17T10:40:03.629854Z  INFO monitor::monitors: inactive day is 2021-11-20 00:00:00 +05:30
    at monitor/src/monitors/mod.rs:473
    in monitor::monitors::thread_sleep
    in monitor::monitors::ping_monitor with , [1murl[0m: "google.com"

  2021-12-17T10:40:03.629941Z  INFO monitor::monitors: inactivee time is from 2021-11-20 09:10:11 +05:30 to 2021-08-10 10:10:11 +05:30
    at monitor/src/monitors/mod.rs:494
    in monitor::monitors::thread_sleep
    in monitor::monitors::memory_monitor

  2021-12-17T10:40:03.630053Z  INFO monitor::monitors: inactivee time is from 2021-11-20 09:10:11 +05:30 to 2021-08-10 10:10:11 +05:30
    at monitor/src/monitors/mod.rs:494
    in monitor::monitors::thread_sleep
    in monitor::monitors::service_monitor

  2021-12-17T10:40:03.630060Z  INFO monitor::monitors: inactivee time is from 2021-11-20 09:10:11 +05:30 to 2021-08-10 10:10:11 +05:30
    at monitor/src/monitors/mod.rs:494
    in monitor::monitors::thread_sleep
    in monitor::monitors::ping_monitor with , [1murl[0m: "google.com"

  2021-12-17T10:40:04.618273Z  INFO monitor::monitors: CPU uasge is 4.3548203
    at monitor/src/monitors/mod.rs:157
    in monitor::monitors::cpu_monitor

  2021-12-17T10:40:06.631090Z  INFO monitor::monitors: Memory monitor loop
    at monitor/src/monitors/mod.rs:282
    in monitor::monitors::memory_monitor

  2021-12-17T10:40:06.631535Z  INFO monitor::monitors: inactive day is 2021-11-20 00:00:00 +05:30
    at monitor/src/monitors/mod.rs:473
    in monitor::monitors::thread_sleep
    in monitor::monitors::memory_monitor

  2021-12-17T10:40:06.631766Z  INFO monitor::monitors: inactivee time is from 2021-11-20 09:10:11 +05:30 to 2021-08-10 10:10:11 +05:30
    at monitor/src/monitors/mod.rs:494
    in monitor::monitors::thread_sleep
    in monitor::monitors::memory_monitor

  2021-12-17T10:40:07.618631Z  INFO monitor::monitors: CPU monitor loop
    at monitor/src/monitors/mod.rs:151
    in monitor::monitors::cpu_monitor

  2021-12-17T10:40:07.618942Z  INFO monitor::monitors: inactive day is 2021-11-20 00:00:00 +05:30
    at monitor/src/monitors/mod.rs:473
    in monitor::monitors::thread_sleep
    in monitor::monitors::cpu_monitor

  2021-12-17T10:40:07.619149Z  INFO monitor::monitors: inactivee time is from 2021-11-20 09:10:11 +05:30 to 2021-08-10 10:10:11 +05:30
    at monitor/src/monitors/mod.rs:494
    in monitor::monitors::thread_sleep
    in monitor::monitors::cpu_monitor

  2021-12-17T10:40:08.620237Z  INFO monitor::monitors: CPU uasge is 1.5964737
    at monitor/src/monitors/mod.rs:157
    in monitor::monitors::cpu_monitor

  2021-12-17T10:40:09.632842Z  INFO monitor::monitors: Memory monitor loop
    at monitor/src/monitors/mod.rs:282
    in monitor::monitors::memory_monitor

  2021-12-17T10:40:09.633172Z  INFO monitor::monitors: inactive day is 2021-11-20 00:00:00 +05:30
    at monitor/src/monitors/mod.rs:473
    in monitor::monitors::thread_sleep
    in monitor::monitors::memory_monitor

  2021-12-17T10:40:09.633368Z  INFO monitor::monitors: inactivee time is from 2021-11-20 09:10:11 +05:30 to 2021-08-10 10:10:11 +05:30
    at monitor/src/monitors/mod.rs:494
    in monitor::monitors::thread_sleep
    in monitor::monitors::memory_monitor

  2021-12-17T10:40:11.620583Z  INFO monitor::monitors: CPU monitor loop
    at monitor/src/monitors/mod.rs:151
    in monitor::monitors::cpu_monitor

  2021-12-17T10:40:11.621036Z  INFO monitor::monitors: inactive day is 2021-11-20 00:00:00 +05:30
    at monitor/src/monitors/mod.rs:473
    in monitor::monitors::thread_sleep
    in monitor::monitors::cpu_monitor

  2021-12-17T10:40:11.621256Z  INFO monitor::monitors: inactivee time is from 2021-11-20 09:10:11 +05:30 to 2021-08-10 10:10:11 +05:30
    at monitor/src/monitors/mod.rs:494
    in monitor::monitors::thread_sleep
    in monitor::monitors::cpu_monitor

  2021-12-17T10:46:08.084485Z  INFO monitor: Subsciber set
    at monitor/src/main.rs:67

  2021-12-17T10:46:08.085268Z  INFO monitor::config::common: wrote sample configuration file
    at monitor/src/config/common.rs:262
    in monitor::config::common::from_setting

  2021-12-17T10:46:08.085791Z  INFO monitor: Read configuration file
    at monitor/src/main.rs:71

  2021-12-17T10:46:08.086134Z  INFO monitor::notifications::read_google_config: wrote sample configuration file
    at monitor/src/notifications/read_google_config.rs:93
    in monitor::notifications::read_google_config::read_from_file with , [1murl[0m: "https://chat.googleapis.com/v1/spaces/AAAAFy1gKzE/messages?key=AIzaSyDdI0hCZtE6vySjMm-WEfRq3CPzqKqqsHI&token=rFHijC_zdQtRNYWsG65G0QvismhSAIL4Z-peRitbR_M%3D"
    in monitor::monitors::monitor

  2021-12-17T10:46:08.086639Z  INFO monitor::monitors: In Monitor method
    at monitor/src/monitors/mod.rs:55
    in monitor::monitors::monitor

  2021-12-17T10:46:08.087293Z  INFO monitor: Started monitoring threads
    at monitor/src/main.rs:80

  2021-12-17T10:46:08.087376Z  INFO monitor::monitors: Service monitor loop
    at monitor/src/monitors/mod.rs:399
    in monitor::monitors::service_monitor

  2021-12-17T10:46:08.087662Z  INFO monitor::monitors: inactive day is 2021-11-20 00:00:00 +05:30
    at monitor/src/monitors/mod.rs:473
    in monitor::monitors::thread_sleep
    in monitor::monitors::service_monitor

  2021-12-17T10:46:08.087897Z  INFO monitor::monitors: inactivee time is from 2021-11-20 09:10:11 +05:30 to 2021-08-10 10:10:11 +05:30
    at monitor/src/monitors/mod.rs:494
    in monitor::monitors::thread_sleep
    in monitor::monitors::service_monitor

  2021-12-17T10:46:15.073686Z  INFO monitor: Subsciber set
    at monitor/src/main.rs:67

  2021-12-17T10:46:15.074502Z  INFO monitor::config::common: wrote sample configuration file
    at monitor/src/config/common.rs:262
    in monitor::config::common::from_setting

  2021-12-17T10:46:15.074970Z  INFO monitor: Read configuration file
    at monitor/src/main.rs:71

  2021-12-17T10:46:15.075309Z  INFO monitor::notifications::read_google_config: wrote sample configuration file
    at monitor/src/notifications/read_google_config.rs:93
    in monitor::notifications::read_google_config::read_from_file with , [1murl[0m: "https://chat.googleapis.com/v1/spaces/AAAAFy1gKzE/messages?key=AIzaSyDdI0hCZtE6vySjMm-WEfRq3CPzqKqqsHI&token=rFHijC_zdQtRNYWsG65G0QvismhSAIL4Z-peRitbR_M%3D"
    in monitor::monitors::monitor

  2021-12-17T10:46:15.075862Z  INFO monitor::monitors: In Monitor method
    at monitor/src/monitors/mod.rs:55
    in monitor::monitors::monitor

  2021-12-17T10:46:15.076273Z  INFO monitor: Started monitoring threads
    at monitor/src/main.rs:80

  2021-12-17T10:46:15.076446Z  INFO monitor::monitors: Service monitor loop
    at monitor/src/monitors/mod.rs:399
    in monitor::monitors::service_monitor

  2021-12-17T10:46:15.076738Z  INFO monitor::monitors: inactive day is 2021-11-20 00:00:00 +05:30
    at monitor/src/monitors/mod.rs:473
    in monitor::monitors::thread_sleep
    in monitor::monitors::service_monitor

  2021-12-17T10:46:15.076959Z  INFO monitor::monitors: inactivee time is from 2021-11-20 09:10:11 +05:30 to 2021-08-10 10:10:11 +05:30
    at monitor/src/monitors/mod.rs:494
    in monitor::monitors::thread_sleep
    in monitor::monitors::service_monitor

  2021-12-17T10:47:27.268573Z  INFO monitor: Subsciber set
    at monitor/src/main.rs:67

  2021-12-17T10:47:27.269581Z  INFO monitor::config::common: wrote sample configuration file
    at monitor/src/config/common.rs:262
    in monitor::config::common::from_setting

  2021-12-17T10:47:27.270243Z  INFO monitor: Read configuration file
    at monitor/src/main.rs:71

  2021-12-17T10:47:27.270765Z  INFO monitor::notifications::read_google_config: wrote sample configuration file
    at monitor/src/notifications/read_google_config.rs:93
    in monitor::notifications::read_google_config::read_from_file with , [1murl[0m: "https://chat.googleapis.com/v1/spaces/AAAAFy1gKzE/messages?key=AIzaSyDdI0hCZtE6vySjMm-WEfRq3CPzqKqqsHI&token=rFHijC_zdQtRNYWsG65G0QvismhSAIL4Z-peRitbR_M%3D"
    in monitor::monitors::monitor

  2021-12-17T10:47:27.271417Z  INFO monitor::monitors: In Monitor method
    at monitor/src/monitors/mod.rs:55
    in monitor::monitors::monitor

  2021-12-17T10:47:27.271822Z  INFO monitor: Started monitoring threads
    at monitor/src/main.rs:80

  2021-12-17T10:47:27.272011Z  INFO monitor::monitors: Service monitor loop
    at monitor/src/monitors/mod.rs:399
    in monitor::monitors::service_monitor

  2021-12-17T10:47:27.272357Z  INFO monitor::monitors: inactive day is 2021-11-20 00:00:00 +05:30
    at monitor/src/monitors/mod.rs:473
    in monitor::monitors::thread_sleep
    in monitor::monitors::service_monitor

  2021-12-17T10:47:27.272639Z  INFO monitor::monitors: inactivee time is from 2021-11-20 09:10:11 +05:30 to 2021-08-10 10:10:11 +05:30
    at monitor/src/monitors/mod.rs:494
    in monitor::monitors::thread_sleep
    in monitor::monitors::service_monitor

  2021-12-17T10:47:27.280205Z  INFO monitor::notifications::google_chat: file data read is {
    "text": "{TXT}  {TXT} can you please check",
    "cards": [
        {
            "header": {
                "title": "{TXT}",
                "subtitle": "{TXT}",
                "imageUrl": "{TXT}",
                "imageStyle": "IMAGE"
            },
            "sections": [
                {
                    "widgets": [
                        {
                            "textParagraph": {
                                "text": "{TXT}"
                            }
                        }
                    ]
                }
            ]
        }
    ]
}
    at monitor/src/notifications/google_chat.rs:35
    in monitor::notifications::google_chat::build_msg
    in monitor::monitors::service_monitor

  2021-12-17T10:47:27.280687Z  INFO monitor::notifications::google_chat: json created is {
    "text": "RAJ PC service Not responding   can you please check",
    "cards": [
        {
            "header": {
                "title": "RAJ PC service Not responding",
                "subtitle": "2 intsances of service detected  ",
                "imageUrl": "https://emojipedia-us.s3.dualstack.us-west-1.amazonaws.com/thumbs/160/google/110/heavy-exclamation-mark-symbol_2757.png",
                "imageStyle": "IMAGE"
            },
            "sections": [
                {
                    "widgets": [
                        {
                            "textParagraph": {
                                "text": "2 intsances of service detected  "
                            }
                        }
                    ]
                }
            ]
        }
    ]
}
    at monitor/src/notifications/google_chat.rs:100
    in monitor::notifications::google_chat::build_msg
    in monitor::monitors::service_monitor

  2021-12-17T10:47:27.978983Z  INFO monitor::notifications::google_chat: json paylaod sent  is {
    "text": "RAJ PC service Not responding   can you please check",
    "cards": [
        {
            "header": {
                "title": "RAJ PC service Not responding",
                "subtitle": "2 intsances of service detected  ",
                "imageUrl": "https://emojipedia-us.s3.dualstack.us-west-1.amazonaws.com/thumbs/160/google/110/heavy-exclamation-mark-symbol_2757.png",
                "imageStyle": "IMAGE"
            },
            "sections": [
                {
                    "widgets": [
                        {
                            "textParagraph": {
                                "text": "2 intsances of service detected  "
                            }
                        }
                    ]
                }
            ]
        }
    ]
}
    at monitor/src/notifications/google_chat.rs:27
    in monitor::notifications::google_chat::send_chat_msg
    in monitor::monitors::service_monitor

  2021-12-17T10:47:27.979300Z  INFO monitor::notifications::google_chat: respose recived is {
  "name": "spaces/AAAAFy1gKzE/messages/8zEFWbIMgZk.8zEFWbIMgZk",
  "sender": {
    "name": "users/114022495153014004089",
    "displayName": "Monitor Messages",
    "avatarUrl": "",
    "email": "",
    "domainId": "",
    "type": "BOT",
    "isAnonymous": false
  },
  "text": "RAJ PC service Not responding   can you please check",
  "cards": [
    {
      "header": {
        "title": "RAJ PC service Not responding",
        "subtitle": "2 intsances of service detected  ",
        "imageStyle": "IMAGE",
        "imageUrl": "https://emojipedia-us.s3.dualstack.us-west-1.amazonaws.com/thumbs/160/google/110/heavy-exclamation-mark-symbol_2757.png",
        "imageAltText": ""
      },
      "sections": [
        {
          "header": "",
          "widgets": [
            {
              "textParagraph": {
                "text": "2 intsances of service detected  "
              },
              "buttons": []
            }
          ],
          "collapsable": false,
          "uncollapsableWidgetsCount": 0
        }
      ],
      "cardActions": [],
      "name": ""
    }
  ],
  "previewText": "",
  "annotations": [],
  "thread": {
    "name": "spaces/AAAAFy1gKzE/threads/8zEFWbIMgZk"
  },
  "space": {
    "name": "spaces/AAAAFy1gKzE",
    "type": "ROOM",
    "singleUserBotDm": false,
    "threaded": false,
    "displayName": "Raj and Alfonso Testing",
    "legacyGroupChat": false
  },
  "fallbackText": "",
  "argumentText": "RAJ PC service Not responding   can you please check",
  "attachment": [],
  "createTime": "2021-12-17T10:47:28.497375Z",
  "lastUpdateTime": "2021-12-17T10:47:28.497375Z"
}

    at monitor/src/notifications/google_chat.rs:28
    in monitor::notifications::google_chat::send_chat_msg
    in monitor::monitors::service_monitor

  2021-12-17T10:47:29.981431Z ERROR monitor::monitors: Warning Service not functioning properly
    at monitor/src/monitors/mod.rs:431
    in monitor::monitors::service_monitor

  2021-12-17T10:47:29.981716Z ERROR monitor::monitors: 2 intsances of service detected
    at monitor/src/monitors/mod.rs:432
    in monitor::monitors::service_monitor

  2021-12-17T10:47:29.981900Z  INFO monitor::monitors: Service monitor loop
    at monitor/src/monitors/mod.rs:399
    in monitor::monitors::service_monitor

  2021-12-17T10:47:29.982209Z  INFO monitor::monitors: inactive day is 2021-11-20 00:00:00 +05:30
    at monitor/src/monitors/mod.rs:473
    in monitor::monitors::thread_sleep
    in monitor::monitors::service_monitor

  2021-12-17T10:47:29.982502Z  INFO monitor::monitors: inactivee time is from 2021-11-20 09:10:11 +05:30 to 2021-08-10 10:10:11 +05:30
    at monitor/src/monitors/mod.rs:494
    in monitor::monitors::thread_sleep
    in monitor::monitors::service_monitor

  2021-12-17T10:47:30.024092Z  INFO monitor::notifications::google_chat: file data read is {
    "text": "{TXT}  {TXT} can you please check",
    "cards": [
        {
            "header": {
                "title": "{TXT}",
                "subtitle": "{TXT}",
                "imageUrl": "{TXT}",
                "imageStyle": "IMAGE"
            },
            "sections": [
                {
                    "widgets": [
                        {
                            "textParagraph": {
                                "text": "{TXT}"
                            }
                        }
                    ]
                }
            ]
        }
    ]
}
    at monitor/src/notifications/google_chat.rs:35
    in monitor::notifications::google_chat::build_msg
    in monitor::monitors::service_monitor

  2021-12-17T10:47:30.024320Z  INFO monitor::notifications::google_chat: json created is {
    "text": "RAJ PC service Not responding   can you please check",
    "cards": [
        {
            "header": {
                "title": "RAJ PC service Not responding",
                "subtitle": "2 intsances of service detected  ",
                "imageUrl": "https://emojipedia-us.s3.dualstack.us-west-1.amazonaws.com/thumbs/160/google/110/heavy-exclamation-mark-symbol_2757.png",
                "imageStyle": "IMAGE"
            },
            "sections": [
                {
                    "widgets": [
                        {
                            "textParagraph": {
                                "text": "2 intsances of service detected  "
                            }
                        }
                    ]
                }
            ]
        }
    ]
}
    at monitor/src/notifications/google_chat.rs:100
    in monitor::notifications::google_chat::build_msg
    in monitor::monitors::service_monitor

